<?xml version="1.0" encoding="UTF-8"?>
<testsuite name="com.pobs.database_testing.DatabaseTestingApplicationTests" tests="1" skipped="0" failures="0" errors="0" timestamp="2022-07-15T01:24:59" hostname="LAPTOP-3R8UVD77" time="0.482">
  <properties/>
  <testcase name="contextLoads()" classname="com.pobs.database_testing.DatabaseTestingApplicationTests" time="0.482"/>
  <system-out><![CDATA[21:24:51.080 [Test worker] DEBUG org.springframework.test.context.BootstrapUtils - Instantiating CacheAwareContextLoaderDelegate from class [org.springframework.test.context.cache.DefaultCacheAwareContextLoaderDelegate]
21:24:51.106 [Test worker] DEBUG org.springframework.test.context.BootstrapUtils - Instantiating BootstrapContext using constructor [public org.springframework.test.context.support.DefaultBootstrapContext(java.lang.Class,org.springframework.test.context.CacheAwareContextLoaderDelegate)]
21:24:51.159 [Test worker] DEBUG org.springframework.test.context.BootstrapUtils - Instantiating TestContextBootstrapper for test class [com.pobs.database_testing.DatabaseTestingApplicationTests] from class [org.springframework.boot.test.context.SpringBootTestContextBootstrapper]
21:24:51.179 [Test worker] INFO org.springframework.boot.test.context.SpringBootTestContextBootstrapper - Neither @ContextConfiguration nor @ContextHierarchy found for test class [com.pobs.database_testing.DatabaseTestingApplicationTests], using SpringBootContextLoader
21:24:51.186 [Test worker] DEBUG org.springframework.test.context.support.AbstractContextLoader - Did not detect default resource location for test class [com.pobs.database_testing.DatabaseTestingApplicationTests]: class path resource [com/pobs/database_testing/DatabaseTestingApplicationTests-context.xml] does not exist
21:24:51.187 [Test worker] DEBUG org.springframework.test.context.support.AbstractContextLoader - Did not detect default resource location for test class [com.pobs.database_testing.DatabaseTestingApplicationTests]: class path resource [com/pobs/database_testing/DatabaseTestingApplicationTestsContext.groovy] does not exist
21:24:51.187 [Test worker] INFO org.springframework.test.context.support.AbstractContextLoader - Could not detect default resource locations for test class [com.pobs.database_testing.DatabaseTestingApplicationTests]: no resource found for suffixes {-context.xml, Context.groovy}.
21:24:51.188 [Test worker] INFO org.springframework.test.context.support.AnnotationConfigContextLoaderUtils - Could not detect default configuration classes for test class [com.pobs.database_testing.DatabaseTestingApplicationTests]: DatabaseTestingApplicationTests does not declare any static, non-private, non-final, nested classes annotated with @Configuration.
21:24:51.263 [Test worker] DEBUG org.springframework.test.context.support.ActiveProfilesUtils - Could not find an 'annotation declaring class' for annotation type [org.springframework.test.context.ActiveProfiles] and class [com.pobs.database_testing.DatabaseTestingApplicationTests]
21:24:51.375 [Test worker] DEBUG org.springframework.context.annotation.ClassPathScanningCandidateComponentProvider - Identified candidate component class: file [C:\Users\Pobs\Desktop\database_testing\build\classes\java\main\com\pobs\database_testing\DatabaseTestingApplication.class]
21:24:51.377 [Test worker] INFO org.springframework.boot.test.context.SpringBootTestContextBootstrapper - Found @SpringBootConfiguration com.pobs.database_testing.DatabaseTestingApplication for test class com.pobs.database_testing.DatabaseTestingApplicationTests
21:24:51.543 [Test worker] DEBUG org.springframework.boot.test.context.SpringBootTestContextBootstrapper - @TestExecutionListeners is not present for class [com.pobs.database_testing.DatabaseTestingApplicationTests]: using defaults.
21:24:51.544 [Test worker] INFO org.springframework.boot.test.context.SpringBootTestContextBootstrapper - Loaded default TestExecutionListener class names from location [META-INF/spring.factories]: [org.springframework.boot.test.autoconfigure.restdocs.RestDocsTestExecutionListener, org.springframework.boot.test.autoconfigure.web.client.MockRestServiceServerResetTestExecutionListener, org.springframework.boot.test.autoconfigure.web.servlet.MockMvcPrintOnlyOnFailureTestExecutionListener, org.springframework.boot.test.autoconfigure.web.servlet.WebDriverTestExecutionListener, org.springframework.boot.test.autoconfigure.webservices.client.MockWebServiceServerTestExecutionListener, org.springframework.boot.test.mock.mockito.MockitoTestExecutionListener, org.springframework.boot.test.mock.mockito.ResetMocksTestExecutionListener, org.springframework.test.context.web.ServletTestExecutionListener, org.springframework.test.context.support.DirtiesContextBeforeModesTestExecutionListener, org.springframework.test.context.event.ApplicationEventsTestExecutionListener, org.springframework.test.context.support.DependencyInjectionTestExecutionListener, org.springframework.test.context.support.DirtiesContextTestExecutionListener, org.springframework.test.context.transaction.TransactionalTestExecutionListener, org.springframework.test.context.jdbc.SqlScriptsTestExecutionListener, org.springframework.test.context.event.EventPublishingTestExecutionListener]
21:24:51.579 [Test worker] INFO org.springframework.boot.test.context.SpringBootTestContextBootstrapper - Using TestExecutionListeners: [org.springframework.test.context.web.ServletTestExecutionListener@7e3f95fe, org.springframework.test.context.support.DirtiesContextBeforeModesTestExecutionListener@34625ccd, org.springframework.test.context.event.ApplicationEventsTestExecutionListener@2c7d121c, org.springframework.boot.test.mock.mockito.MockitoTestExecutionListener@65aa6596, org.springframework.boot.test.autoconfigure.SpringBootDependencyInjectionTestExecutionListener@67389cb8, org.springframework.test.context.support.DirtiesContextTestExecutionListener@419a20a6, org.springframework.test.context.transaction.TransactionalTestExecutionListener@533377b, org.springframework.test.context.jdbc.SqlScriptsTestExecutionListener@3383649e, org.springframework.test.context.event.EventPublishingTestExecutionListener@10fde30a, org.springframework.boot.test.autoconfigure.restdocs.RestDocsTestExecutionListener@f27ea3, org.springframework.boot.test.autoconfigure.web.client.MockRestServiceServerResetTestExecutionListener@1ce61929, org.springframework.boot.test.autoconfigure.web.servlet.MockMvcPrintOnlyOnFailureTestExecutionListener@346939bf, org.springframework.boot.test.autoconfigure.web.servlet.WebDriverTestExecutionListener@4bf3798b, org.springframework.boot.test.autoconfigure.webservices.client.MockWebServiceServerTestExecutionListener@58670130, org.springframework.boot.test.mock.mockito.ResetMocksTestExecutionListener@74e47444]
21:24:51.591 [Test worker] DEBUG org.springframework.test.context.support.AbstractDirtiesContextTestExecutionListener - Before test class: context [DefaultTestContext@5be067de testClass = DatabaseTestingApplicationTests, testInstance = [null], testMethod = [null], testException = [null], mergedContextConfiguration = [WebMergedContextConfiguration@7383eae2 testClass = DatabaseTestingApplicationTests, locations = '{}', classes = '{class com.pobs.database_testing.DatabaseTestingApplication}', contextInitializerClasses = '[]', activeProfiles = '{}', propertySourceLocations = '{}', propertySourceProperties = '{org.springframework.boot.test.context.SpringBootTestContextBootstrapper=true}', contextCustomizers = set[org.springframework.boot.test.autoconfigure.actuate.metrics.MetricsExportContextCustomizerFactory$DisableMetricExportContextCustomizer@64c63c79, org.springframework.boot.test.autoconfigure.properties.PropertyMappingContextCustomizer@0, org.springframework.boot.test.autoconfigure.web.servlet.WebDriverContextCustomizerFactory$Customizer@21fd5faa, org.springframework.boot.test.context.filter.ExcludeFilterContextCustomizer@3fc9504b, org.springframework.boot.test.json.DuplicateJsonObjectContextCustomizerFactory$DuplicateJsonObjectContextCustomizer@740d2e78, org.springframework.boot.test.mock.mockito.MockitoContextCustomizer@0, org.springframework.boot.test.web.client.TestRestTemplateContextCustomizer@30af5b6b, org.springframework.boot.test.context.SpringBootTestArgs@1, org.springframework.boot.test.context.SpringBootTestWebEnvironment@4e7912d8], resourceBasePath = 'src/main/webapp', contextLoader = 'org.springframework.boot.test.context.SpringBootContextLoader', parent = [null]], attributes = map['org.springframework.test.context.web.ServletTestExecutionListener.activateListener' -> true]], class annotated with @DirtiesContext [false] with mode [null].

  .   ____          _            __ _ _
 /\\ / ___'_ __ _ _(_)_ __  __ _ \ \ \ \
( ( )\___ | '_ | '_| | '_ \/ _` | \ \ \ \
 \\/  ___)| |_)| | | | | || (_| |  ) ) ) )
  '  |____| .__|_| |_|_| |_\__, | / / / /
 =========|_|==============|___/=/_/_/_/
 :: Spring Boot ::                (v2.7.1)

2022-07-14 21:24:52.071  INFO 7348 --- [    Test worker] c.p.d.DatabaseTestingApplicationTests    : Starting DatabaseTestingApplicationTests using Java 18.0.1.1 on LAPTOP-3R8UVD77 with PID 7348 (started by Pobs in C:\Users\Pobs\Desktop\database_testing)
2022-07-14 21:24:52.073  INFO 7348 --- [    Test worker] c.p.d.DatabaseTestingApplicationTests    : No active profile set, falling back to 1 default profile: "default"
2022-07-14 21:24:53.334  INFO 7348 --- [    Test worker] .s.d.r.c.RepositoryConfigurationDelegate : Bootstrapping Spring Data JPA repositories in DEFAULT mode.
2022-07-14 21:24:53.405  INFO 7348 --- [    Test worker] .s.d.r.c.RepositoryConfigurationDelegate : Finished Spring Data repository scanning in 58 ms. Found 1 JPA repository interfaces.
2022-07-14 21:24:54.341  INFO 7348 --- [    Test worker] o.hibernate.jpa.internal.util.LogHelper  : HHH000204: Processing PersistenceUnitInfo [name: default]
2022-07-14 21:24:54.456  INFO 7348 --- [    Test worker] org.hibernate.Version                    : HHH000412: Hibernate ORM core version 5.6.9.Final
2022-07-14 21:24:54.814  INFO 7348 --- [    Test worker] o.hibernate.annotations.common.Version   : HCANN000001: Hibernate Commons Annotations {5.1.2.Final}
2022-07-14 21:24:55.017  INFO 7348 --- [    Test worker] com.zaxxer.hikari.HikariDataSource       : HikariPool-1 - Starting...
2022-07-14 21:24:56.163  INFO 7348 --- [    Test worker] com.zaxxer.hikari.HikariDataSource       : HikariPool-1 - Start completed.
2022-07-14 21:24:56.195  INFO 7348 --- [    Test worker] org.hibernate.dialect.Dialect            : HHH000400: Using dialect: org.hibernate.dialect.MySQL8Dialect
2022-07-14 21:24:57.511  INFO 7348 --- [    Test worker] o.h.e.t.j.p.i.JtaPlatformInitiator       : HHH000490: Using JtaPlatform implementation: [org.hibernate.engine.transaction.jta.platform.internal.NoJtaPlatform]
2022-07-14 21:24:57.524  INFO 7348 --- [    Test worker] j.LocalContainerEntityManagerFactoryBean : Initialized JPA EntityManagerFactory for persistence unit 'default'
2022-07-14 21:24:58.428  WARN 7348 --- [    Test worker] JpaBaseConfiguration$JpaWebConfiguration : spring.jpa.open-in-view is enabled by default. Therefore, database queries may be performed during view rendering. Explicitly configure spring.jpa.open-in-view to disable this warning
2022-07-14 21:24:59.520  INFO 7348 --- [    Test worker] c.p.d.DatabaseTestingApplicationTests    : Started DatabaseTestingApplicationTests in 7.863 seconds (JVM running for 9.657)
Poll{id=1, col_a=105, col_b=1, col_c=0}]]></system-out>
  <system-err><![CDATA[]]></system-err>
</testsuite>
